0 info it worked if it ends with ok
1 verbose cli [ 'D:\\Program Files\\nodejs\\\\node.exe',
1 verbose cli   'D:\\Program Files\\nodejs\\node_modules\\npm\\bin\\npm-cli.js',
1 verbose cli   'install' ]
2 info using npm@1.1.69
3 info using node@v0.8.16
4 verbose node symlink D:\Program Files\nodejs\\node.exe
5 verbose read json C:\Dropbox\Projects\Topia\Sourcebook\package.json
6 error TypeError: Cannot call method 'replace' of undefined
6 error     at D:\Program Files\nodejs\node_modules\npm\node_modules\read-package-json\read-json.js:332:45
6 error     at fs.js:117:20
6 error     at D:\Program Files\nodejs\node_modules\npm\node_modules\graceful-fs\graceful-fs.js:53:5
6 error     at D:\Program Files\nodejs\node_modules\npm\node_modules\graceful-fs\graceful-fs.js:62:5
6 error     at Object.oncomplete (fs.js:297:15)
7 error If you need help, you may report this log at:
7 error     <http://github.com/isaacs/npm/issues>
7 error or email it to:
7 error     <npm-@googlegroups.com>
8 error System Windows_NT 6.1.7600
9 error command "D:\\Program Files\\nodejs\\\\node.exe" "D:\\Program Files\\nodejs\\node_modules\\npm\\bin\\npm-cli.js" "install"
10 error cwd C:\Dropbox\Projects\Topia\Sourcebook
11 error node -v v0.8.16
12 error npm -v 1.1.69
13 error type non_object_property_call
14 verbose exit [ 1, true ]
